Traceback (most recent call last):
  File "/opt/hostedtoolcache/Python/3.8.18/x64/lib/python3.8/site-packages/jupyter_cache/executors/utils.py", line 58, in single_nb_execution
    executenb(
  File "/opt/hostedtoolcache/Python/3.8.18/x64/lib/python3.8/site-packages/nbclient/client.py", line 1305, in execute
    return NotebookClient(nb=nb, resources=resources, km=km, **kwargs).execute()
  File "/opt/hostedtoolcache/Python/3.8.18/x64/lib/python3.8/site-packages/jupyter_core/utils/__init__.py", line 166, in wrapped
    return loop.run_until_complete(inner)
  File "/opt/hostedtoolcache/Python/3.8.18/x64/lib/python3.8/asyncio/base_events.py", line 616, in run_until_complete
    return future.result()
  File "/opt/hostedtoolcache/Python/3.8.18/x64/lib/python3.8/site-packages/nbclient/client.py", line 705, in async_execute
    await self.async_execute_cell(
  File "/opt/hostedtoolcache/Python/3.8.18/x64/lib/python3.8/site-packages/nbclient/client.py", line 1058, in async_execute_cell
    await self._check_raise_for_error(cell, cell_index, exec_reply)
  File "/opt/hostedtoolcache/Python/3.8.18/x64/lib/python3.8/site-packages/nbclient/client.py", line 914, in _check_raise_for_error
    raise CellExecutionError.from_cell_and_msg(cell, exec_reply_content)
nbclient.exceptions.CellExecutionError: An error occurred while executing the following cell:
------------------
fibonacci(-2)
------------------


[0;31m---------------------------------------------------------------------------[0m
[0;31mAssertionError[0m                            Traceback (most recent call last)
Cell [0;32mIn[6], line 1[0m
[0;32m----> 1[0m [43mfibonacci[49m[43m([49m[38;5;241;43m-[39;49m[38;5;241;43m2[39;49m[43m)[49m

Cell [0;32mIn[5], line 10[0m, in [0;36mfibonacci[0;34m(n)[0m
[1;32m      1[0m [38;5;28;01mdef[39;00m [38;5;21mfibonacci[39m(n):
[1;32m      2[0m [38;5;250m    [39m[38;5;124;03m"""A function that calculates the Fibonacci sequence up to the n-th term[39;00m
[1;32m      3[0m 
[1;32m      4[0m [38;5;124;03m    Args:[39;00m
[0;32m   (...)[0m
[1;32m      8[0m [38;5;124;03m        list: a list with the Fibonacci sequence[39;00m
[1;32m      9[0m [38;5;124;03m    """[39;00m
[0;32m---> 10[0m     [38;5;28;01massert[39;00m n [38;5;241m>[39m[38;5;241m=[39m [38;5;241m0[39m, [38;5;124m"[39m[38;5;124mn must be a non-negative integer[39m[38;5;124m"[39m
[1;32m     11[0m     [38;5;28;01mif[39;00m n [38;5;241m==[39m [38;5;241m0[39m: [38;5;28;01mreturn[39;00m [[38;5;241m0[39m]
[1;32m     12[0m     fib [38;5;241m=[39m [[38;5;241m0[39m,[38;5;241m1[39m]

[0;31mAssertionError[0m: n must be a non-negative integer

